

Started GET "/rails/info/properties" for 127.0.0.1 at Mon Feb 07 11:50:00 +0100 2011
  Processing by Rails::InfoController#properties as HTML
  [1m[36mSQL (0.5ms)[0m  [1m SELECT name
 FROM sqlite_master
 WHERE type = 'table' AND NOT name = 'sqlite_sequence'
[0m
Rendered inline template (0.5ms)
Completed 200 OK in 32ms (Views: 1.8ms | ActiveRecord: 0.5ms)


Started GET "/" for 127.0.0.1 at Mon Feb 07 12:11:31 +0100 2011
  Processing by HomeController#index as HTML
Rendered home/index.html.erb within layouts/application (2.6ms)
Completed 200 OK in 13ms (Views: 12.3ms | ActiveRecord: 0.0ms)
  [1m[36mSQL (0.4ms)[0m  [1m SELECT name
 FROM sqlite_master
 WHERE type = 'table' AND NOT name = 'sqlite_sequence'
[0m
  [1m[35mSQL (0.1ms)[0m  select sqlite_version(*)
  [1m[36mSQL (2.3ms)[0m  [1mCREATE TABLE "schema_migrations" ("version" varchar(255) NOT NULL) [0m
  [1m[35mSQL (0.1ms)[0m  PRAGMA index_list("schema_migrations")
  [1m[36mSQL (1.8ms)[0m  [1mCREATE UNIQUE INDEX "unique_schema_migrations" ON "schema_migrations" ("version")[0m
  [1m[35mSQL (0.2ms)[0m   SELECT name
 FROM sqlite_master
 WHERE type = 'table' AND NOT name = 'sqlite_sequence'
  [1m[36mSQL (0.1ms)[0m  [1m SELECT name
 FROM sqlite_master
 WHERE type = 'table' AND NOT name = 'sqlite_sequence'
[0m
  [1m[35mSQL (0.1ms)[0m  SELECT "schema_migrations"."version" FROM "schema_migrations"
Migrating to CreatePosts (20110207113341)
  [1m[36mSQL (0.9ms)[0m  [1mCREATE TABLE "posts" ("id" INTEGER PRIMARY KEY AUTOINCREMENT NOT NULL, "name" varchar(255), "title" varchar(255), "content" text, "created_at" datetime, "updated_at" datetime) [0m
  [1m[35mSQL (0.2ms)[0m  INSERT INTO "schema_migrations" ("version") VALUES ('20110207113341')
  [1m[36mSQL (0.3ms)[0m  [1m SELECT name
 FROM sqlite_master
 WHERE type = 'table' AND NOT name = 'sqlite_sequence'
[0m
  [1m[35mSQL (0.1ms)[0m  SELECT "schema_migrations"."version" FROM "schema_migrations"
  [1m[36mSQL (0.1ms)[0m  [1m SELECT name
 FROM sqlite_master
 WHERE type = 'table' AND NOT name = 'sqlite_sequence'
[0m
  [1m[35mSQL (0.0ms)[0m  PRAGMA index_list("posts")


Started GET "/" for 127.0.0.1 at Mon Feb 07 12:36:02 +0100 2011
  Processing by HomeController#index as HTML
Rendered home/index.html.erb within layouts/application (3.2ms)
Completed 200 OK in 12ms (Views: 11.8ms | ActiveRecord: 0.0ms)


Started GET "/posts" for 127.0.0.1 at Mon Feb 07 12:36:05 +0100 2011
  Processing by PostsController#index as HTML
  [1m[35mPost Load (0.6ms)[0m  SELECT "posts".* FROM "posts"
Rendered posts/index.html.erb within layouts/application (4.4ms)
Completed 200 OK in 87ms (Views: 13.6ms | ActiveRecord: 0.6ms)


Started GET "/posts/new" for 127.0.0.1 at Mon Feb 07 12:36:07 +0100 2011
  Processing by PostsController#new as HTML
Rendered posts/_form.html.erb (86.7ms)
Rendered posts/new.html.erb within layouts/application (92.5ms)
Completed 200 OK in 107ms (Views: 100.6ms | ActiveRecord: 0.0ms)


Started POST "/posts" for 127.0.0.1 at Mon Feb 07 12:36:42 +0100 2011
  Processing by PostsController#create as HTML
  Parameters: {"commit"=>"Create Post", "post"=>{"name"=>"Lil Bow Wow", "title"=>"Where my dogs at?", "content"=>"Yippie yeah!"}, "authenticity_token"=>"TVQCyiKA5yj5Mg7yM9lSAOGJEigxOnVYNFmY4SJ5CGg=", "utf8"=>"✓"}
  [1m[36mSQL (0.2ms)[0m  [1m SELECT name
 FROM sqlite_master
 WHERE type = 'table' AND NOT name = 'sqlite_sequence'
[0m
  [1m[35mAREL (0.8ms)[0m  INSERT INTO "posts" ("name", "created_at", "title", "updated_at", "content") VALUES ('Lil Bow Wow', '2011-02-07 11:36:42.529837', 'Where my dogs at?', '2011-02-07 11:36:42.529837', 'Yippie yeah!')
Redirected to http://localhost:3000/posts/1
Completed 302 Found in 29ms


Started GET "/posts/1" for 127.0.0.1 at Mon Feb 07 12:36:42 +0100 2011
  Processing by PostsController#show as HTML
  Parameters: {"id"=>"1"}
  [1m[36mPost Load (0.2ms)[0m  [1mSELECT "posts".* FROM "posts" WHERE ("posts"."id" = 1) LIMIT 1[0m
Rendered posts/show.html.erb within layouts/application (7.7ms)
Completed 200 OK in 24ms (Views: 16.5ms | ActiveRecord: 1.2ms)


Started GET "/posts" for 127.0.0.1 at Mon Feb 07 12:36:50 +0100 2011
  Processing by PostsController#index as HTML
  [1m[35mPost Load (0.5ms)[0m  SELECT "posts".* FROM "posts"
Rendered posts/index.html.erb within layouts/application (10.0ms)
Completed 200 OK in 25ms (Views: 18.7ms | ActiveRecord: 0.5ms)


Started GET "/posts/1" for 127.0.0.1 at Mon Feb 07 12:36:55 +0100 2011
  Processing by PostsController#show as HTML
  Parameters: {"id"=>"1"}
  [1m[36mPost Load (0.2ms)[0m  [1mSELECT "posts".* FROM "posts" WHERE ("posts"."id" = 1) LIMIT 1[0m
Rendered posts/show.html.erb within layouts/application (7.9ms)
Completed 200 OK in 23ms (Views: 15.7ms | ActiveRecord: 0.2ms)


Started GET "/posts" for 127.0.0.1 at Mon Feb 07 12:36:57 +0100 2011
  Processing by PostsController#index as HTML
  [1m[35mPost Load (0.5ms)[0m  SELECT "posts".* FROM "posts"
Rendered posts/index.html.erb within layouts/application (9.8ms)
Completed 200 OK in 25ms (Views: 17.6ms | ActiveRecord: 0.5ms)


Started GET "/" for 127.0.0.1 at Wed Feb 09 17:26:36 +0100 2011
  Processing by HomeController#index as HTML
Rendered home/index.html.erb within layouts/application (3.7ms)
Completed 200 OK in 107ms (Views: 106.2ms | ActiveRecord: 0.0ms)
